<?xml version="1.0" encoding="UTF-8"?>
<testng-results ignored="0" total="1" passed="1" failed="0" skipped="0">
  <reporter-output>
  </reporter-output>
  <suite started-at="2023-01-16T15:44:45 IST" name="Suite" finished-at="2023-01-16T15:44:45 IST" duration-ms="90">
    <groups>
    </groups>
    <test started-at="2023-01-16T15:44:45 IST" name="Test" finished-at="2023-01-16T15:44:45 IST" duration-ms="90">
      <class name="TestDemoTest.LoginTest">
        <test-method signature="GenerateOnlineRequest()[pri:0, instance:TestDemoTest.LoginTest@6fdbe764]" started-at="2023-01-16T15:44:45 IST" name="GenerateOnlineRequest" finished-at="2023-01-16T15:44:45 IST" duration-ms="11" status="PASS">
          <reporter-output>
          </reporter-output>
        </test-method> <!-- GenerateOnlineRequest -->
      </class> <!-- TestDemoTest.LoginTest -->
    </test> <!-- Test -->
  </suite> <!-- Suite -->
</testng-results>
